0 verbose cli C:\Program Files\nodejs\node.exe C:\Users\Abdulrauf\AppData\Roaming\npm\node_modules\npm\bin\npm-cli.js
1 info using npm@11.4.1
2 info using node@v22.14.0
3 silly config load:file:C:\Users\Abdulrauf\AppData\Roaming\npm\node_modules\npm\npmrc
4 silly config load:file:C:\Users\Abdulrauf\Desktop\Project\Portfolio\portfolio\.npmrc
5 silly config load:file:C:\Users\Abdulrauf\.npmrc
6 silly config load:file:C:\Users\Abdulrauf\AppData\Roaming\npm\etc\npmrc
7 verbose title npm install framer-motion
8 verbose argv "install" "framer-motion"
9 verbose logfile logs-max:10 dir:C:\Users\Abdulrauf\Desktop\Project\Portfolio\portfolio\UsersAbdulraufAppDataRoamingnpm-cache\_logs\2025-05-25T11_06_12_519Z-
10 verbose logfile C:\Users\Abdulrauf\Desktop\Project\Portfolio\portfolio\UsersAbdulraufAppDataRoamingnpm-cache\_logs\2025-05-25T11_06_12_519Z-debug-0.log
11 silly logfile done cleaning log files
12 silly packumentCache heap:2197815296 maxSize:549453824 maxEntrySize:274726912
13 silly idealTree buildDeps
14 silly fetch manifest framer-motion@*
15 silly packumentCache full:https://registry.npmjs.org/framer-motion cache-miss
16 http fetch GET 200 https://registry.npmjs.org/framer-motion 5480ms (cache miss)
17 silly packumentCache full:https://registry.npmjs.org/framer-motion set size:undefined disposed:false
18 silly fetch manifest @emotion/is-prop-valid@*
19 silly packumentCache full:https://registry.npmjs.org/@emotion%2fis-prop-valid cache-miss
20 http fetch GET 200 https://registry.npmjs.org/@emotion%2fis-prop-valid 753ms (cache miss)
21 silly packumentCache full:https://registry.npmjs.org/@emotion%2fis-prop-valid set size:undefined disposed:false
22 silly fetch manifest react@^19.0.0
23 silly packumentCache full:https://registry.npmjs.org/react cache-miss
24 http fetch GET 200 https://registry.npmjs.org/react 4658ms (cache updated)
25 silly packumentCache full:https://registry.npmjs.org/react set size:undefined disposed:false
26 silly fetch manifest react-dom@^19.0.0
27 silly packumentCache full:https://registry.npmjs.org/react-dom cache-miss
28 http fetch GET 200 https://registry.npmjs.org/react-dom 4408ms (cache miss)
29 silly packumentCache full:https://registry.npmjs.org/react-dom set size:undefined disposed:false
30 silly placeDep ROOT framer-motion@12.12.2 OK for: portfolio@0.1.0 want: *
31 silly fetch manifest motion-dom@^12.12.1
32 silly packumentCache full:https://registry.npmjs.org/motion-dom cache-miss
33 silly fetch manifest motion-utils@^12.12.1
34 silly packumentCache full:https://registry.npmjs.org/motion-utils cache-miss
35 http fetch GET 200 https://registry.npmjs.org/motion-dom 540ms (cache miss)
36 silly packumentCache full:https://registry.npmjs.org/motion-dom set size:undefined disposed:false
37 http fetch GET 200 https://registry.npmjs.org/motion-utils 1102ms (cache miss)
38 silly packumentCache full:https://registry.npmjs.org/motion-utils set size:undefined disposed:false
39 silly placeDep ROOT motion-dom@12.12.1 OK for: framer-motion@12.12.2 want: ^12.12.1
40 silly placeDep ROOT motion-utils@12.12.1 OK for: framer-motion@12.12.2 want: ^12.12.1
41 silly reify moves {}
42 silly audit bulk request {
42 silly audit   '@alloc/quick-lru': [ '5.2.0' ],
42 silly audit   '@ampproject/remapping': [ '2.3.0' ],
42 silly audit   '@emnapi/core': [ '1.4.3' ],
42 silly audit   '@emnapi/runtime': [ '1.4.3' ],
42 silly audit   '@emnapi/wasi-threads': [ '1.0.2' ],
42 silly audit   '@eslint-community/eslint-utils': [ '4.7.0' ],
42 silly audit   'eslint-visitor-keys': [ '3.4.3', '4.2.0' ],
42 silly audit   '@eslint-community/regexpp': [ '4.12.1' ],
42 silly audit   '@eslint/config-array': [ '0.20.0' ],
42 silly audit   '@eslint/config-helpers': [ '0.2.2' ],
42 silly audit   '@eslint/core': [ '0.14.0' ],
42 silly audit   '@eslint/eslintrc': [ '3.3.1' ],
42 silly audit   '@eslint/js': [ '9.27.0' ],
42 silly audit   '@eslint/object-schema': [ '2.1.6' ],
42 silly audit   '@eslint/plugin-kit': [ '0.3.1' ],
42 silly audit   '@humanfs/core': [ '0.19.1' ],
42 silly audit   '@humanfs/node': [ '0.16.6' ],
42 silly audit   '@humanwhocodes/retry': [ '0.3.1', '0.4.3' ],
42 silly audit   '@humanwhocodes/module-importer': [ '1.0.1' ],
42 silly audit   '@img/sharp-darwin-arm64': [ '0.34.2' ],
42 silly audit   '@img/sharp-darwin-x64': [ '0.34.2' ],
42 silly audit   '@img/sharp-libvips-darwin-arm64': [ '1.1.0' ],
42 silly audit   '@img/sharp-libvips-darwin-x64': [ '1.1.0' ],
42 silly audit   '@img/sharp-libvips-linux-arm': [ '1.1.0' ],
42 silly audit   '@img/sharp-libvips-linux-arm64': [ '1.1.0' ],
42 silly audit   '@img/sharp-libvips-linux-ppc64': [ '1.1.0' ],
42 silly audit   '@img/sharp-libvips-linux-s390x': [ '1.1.0' ],
42 silly audit   '@img/sharp-libvips-linux-x64': [ '1.1.0' ],
42 silly audit   '@img/sharp-libvips-linuxmusl-arm64': [ '1.1.0' ],
42 silly audit   '@img/sharp-libvips-linuxmusl-x64': [ '1.1.0' ],
42 silly audit   '@img/sharp-linux-arm': [ '0.34.2' ],
42 silly audit   '@img/sharp-linux-arm64': [ '0.34.2' ],
42 silly audit   '@img/sharp-linux-s390x': [ '0.34.2' ],
42 silly audit   '@img/sharp-linux-x64': [ '0.34.2' ],
42 silly audit   '@img/sharp-linuxmusl-arm64': [ '0.34.2' ],
42 silly audit   '@img/sharp-linuxmusl-x64': [ '0.34.2' ],
42 silly audit   '@img/sharp-wasm32': [ '0.34.2' ],
42 silly audit   '@img/sharp-win32-arm64': [ '0.34.2' ],
42 silly audit   '@img/sharp-win32-ia32': [ '0.34.2' ],
42 silly audit   '@img/sharp-win32-x64': [ '0.34.2' ],
42 silly audit   '@isaacs/fs-minipass': [ '4.0.1' ],
42 silly audit   '@jridgewell/gen-mapping': [ '0.3.8' ],
42 silly audit   '@jridgewell/resolve-uri': [ '3.1.2' ],
42 silly audit   '@jridgewell/set-array': [ '1.2.1' ],
42 silly audit   '@jridgewell/sourcemap-codec': [ '1.5.0' ],
42 silly audit   '@jridgewell/trace-mapping': [ '0.3.25' ],
42 silly audit   '@napi-rs/wasm-runtime': [ '0.2.10' ],
42 silly audit   '@next/env': [ '15.3.2' ],
42 silly audit   '@next/eslint-plugin-next': [ '15.3.2' ],
42 silly audit   '@next/swc-darwin-arm64': [ '15.3.2' ],
42 silly audit   '@next/swc-darwin-x64': [ '15.3.2' ],
42 silly audit   '@next/swc-linux-arm64-gnu': [ '15.3.2' ],
42 silly audit   '@next/swc-linux-arm64-musl': [ '15.3.2' ],
42 silly audit   '@next/swc-linux-x64-gnu': [ '15.3.2' ],
42 silly audit   '@next/swc-linux-x64-musl': [ '15.3.2' ],
42 silly audit   '@next/swc-win32-arm64-msvc': [ '15.3.2' ],
42 silly audit   '@next/swc-win32-x64-msvc': [ '15.3.2' ],
42 silly audit   '@nodelib/fs.scandir': [ '2.1.5' ],
42 silly audit   '@nodelib/fs.stat': [ '2.0.5' ],
42 silly audit   '@nodelib/fs.walk': [ '1.2.8' ],
42 silly audit   '@nolyfill/is-core-module': [ '1.0.39' ],
42 silly audit   '@rtsao/scc': [ '1.1.0' ],
42 silly audit   '@rushstack/eslint-patch': [ '1.11.0' ],
42 silly audit   '@swc/counter': [ '0.1.3' ],
42 silly audit   '@swc/helpers': [ '0.5.15' ],
42 silly audit   '@tailwindcss/node': [ '4.1.7' ],
42 silly audit   '@tailwindcss/oxide': [ '4.1.7' ],
42 silly audit   '@tailwindcss/oxide-android-arm64': [ '4.1.7' ],
42 silly audit   '@tailwindcss/oxide-darwin-arm64': [ '4.1.7' ],
42 silly audit   '@tailwindcss/oxide-darwin-x64': [ '4.1.7' ],
42 silly audit   '@tailwindcss/oxide-freebsd-x64': [ '4.1.7' ],
42 silly audit   '@tailwindcss/oxide-linux-arm-gnueabihf': [ '4.1.7' ],
42 silly audit   '@tailwindcss/oxide-linux-arm64-gnu': [ '4.1.7' ],
42 silly audit   '@tailwindcss/oxide-linux-arm64-musl': [ '4.1.7' ],
42 silly audit   '@tailwindcss/oxide-linux-x64-gnu': [ '4.1.7' ],
42 silly audit   '@tailwindcss/oxide-linux-x64-musl': [ '4.1.7' ],
42 silly audit   '@tailwindcss/oxide-wasm32-wasi': [ '4.1.7' ],
42 silly audit   '@tailwindcss/oxide-win32-arm64-msvc': [ '4.1.7' ],
42 silly audit   '@tailwindcss/oxide-win32-x64-msvc': [ '4.1.7' ],
42 silly audit   '@tailwindcss/postcss': [ '4.1.7' ],
42 silly audit   '@tybys/wasm-util': [ '0.9.0' ],
42 silly audit   '@types/estree': [ '1.0.7' ],
42 silly audit   '@types/json-schema': [ '7.0.15' ],
42 silly audit   '@types/json5': [ '0.0.29' ],
42 silly audit   '@typescript-eslint/eslint-plugin': [ '8.32.1' ],
42 silly audit   ignore: [ '7.0.4', '5.3.2' ],
42 silly audit   '@typescript-eslint/parser': [ '8.32.1' ],
42 silly audit   '@typescript-eslint/scope-manager': [ '8.32.1' ],
42 silly audit   '@typescript-eslint/type-utils': [ '8.32.1' ],
42 silly audit   '@typescript-eslint/types': [ '8.32.1' ],
42 silly audit   '@typescript-eslint/typescript-estree': [ '8.32.1' ],
42 silly audit   'brace-expansion': [ '2.0.1', '1.1.11' ],
42 silly audit   'fast-glob': [ '3.3.3', '3.3.1' ],
42 silly audit   'glob-parent': [ '5.1.2', '6.0.2' ],
42 silly audit   minimatch: [ '9.0.5', '3.1.2' ],
42 silly audit   '@typescript-eslint/utils': [ '8.32.1' ],
42 silly audit   '@typescript-eslint/visitor-keys': [ '8.32.1' ],
42 silly audit   '@unrs/resolver-binding-darwin-arm64': [ '1.7.2' ],
42 silly audit   '@unrs/resolver-binding-darwin-x64': [ '1.7.2' ],
42 silly audit   '@unrs/resolver-binding-freebsd-x64': [ '1.7.2' ],
42 silly audit   '@unrs/resolver-binding-linux-arm-gnueabihf': [ '1.7.2' ],
42 silly audit   '@unrs/resolver-binding-linux-arm-musleabihf': [ '1.7.2' ],
42 silly audit   '@unrs/resolver-binding-linux-arm64-gnu': [ '1.7.2' ],
42 silly audit   '@unrs/resolver-binding-linux-arm64-musl': [ '1.7.2' ],
42 silly audit   '@unrs/resolver-binding-linux-ppc64-gnu': [ '1.7.2' ],
42 silly audit   '@unrs/resolver-binding-linux-riscv64-gnu': [ '1.7.2' ],
42 silly audit   '@unrs/resolver-binding-linux-riscv64-musl': [ '1.7.2' ],
42 silly audit   '@unrs/resolver-binding-linux-s390x-gnu': [ '1.7.2' ],
42 silly audit   '@unrs/resolver-binding-linux-x64-gnu': [ '1.7.2' ],
42 silly audit   '@unrs/resolver-binding-linux-x64-musl': [ '1.7.2' ],
42 silly audit   '@unrs/resolver-binding-wasm32-wasi': [ '1.7.2' ],
42 silly audit   '@unrs/resolver-binding-win32-arm64-msvc': [ '1.7.2' ],
42 silly audit   '@unrs/resolver-binding-win32-ia32-msvc': [ '1.7.2' ],
42 silly audit   '@unrs/resolver-binding-win32-x64-msvc': [ '1.7.2' ],
42 silly audit   acorn: [ '8.14.1' ],
42 silly audit   'acorn-jsx': [ '5.3.2' ],
42 silly audit   ajv: [ '6.12.6' ],
42 silly audit   'ansi-styles': [ '4.3.0' ],
42 silly audit   argparse: [ '2.0.1' ],
42 silly audit   'aria-query': [ '5.3.2' ],
42 silly audit   'array-buffer-byte-length': [ '1.0.2' ],
42 silly audit   'array-includes': [ '3.1.8' ],
42 silly audit   'array.prototype.findlast': [ '1.2.5' ],
42 silly audit   'array.prototype.findlastindex': [ '1.2.6' ],
42 silly audit   'array.prototype.flat': [ '1.3.3' ],
42 silly audit   'array.prototype.flatmap': [ '1.3.3' ],
42 silly audit   'array.prototype.tosorted': [ '1.1.4' ],
42 silly audit   'arraybuffer.prototype.slice': [ '1.0.4' ],
42 silly audit   'ast-types-flow': [ '0.0.8' ],
42 silly audit   'async-function': [ '1.0.0' ],
42 silly audit   'available-typed-arrays': [ '1.0.7' ],
42 silly audit   'axe-core': [ '4.10.3' ],
42 silly audit   'axobject-query': [ '4.1.0' ],
42 silly audit   'balanced-match': [ '1.0.2' ],
42 silly audit   braces: [ '3.0.3' ],
42 silly audit   busboy: [ '1.6.0' ],
42 silly audit   'call-bind': [ '1.0.8' ],
42 silly audit   'call-bind-apply-helpers': [ '1.0.2' ],
42 silly audit   'call-bound': [ '1.0.4' ],
42 silly audit   callsites: [ '3.1.0' ],
42 silly audit   'caniuse-lite': [ '1.0.30001718' ],
42 silly audit   chalk: [ '4.1.2' ],
42 silly audit   chownr: [ '3.0.0' ],
42 silly audit   'client-only': [ '0.0.1' ],
42 silly audit   color: [ '4.2.3' ],
42 silly audit   'color-convert': [ '2.0.1' ],
42 silly audit   'color-name': [ '1.1.4' ],
42 silly audit   'color-string': [ '1.9.1' ],
42 silly audit   'concat-map': [ '0.0.1' ],
42 silly audit   'cross-spawn': [ '7.0.6' ],
42 silly audit   'damerau-levenshtein': [ '1.0.8' ],
42 silly audit   'data-view-buffer': [ '1.0.2' ],
42 silly audit   'data-view-byte-length': [ '1.0.2' ],
42 silly audit   'data-view-byte-offset': [ '1.0.1' ],
42 silly audit   debug: [ '4.4.1', '3.2.7' ],
42 silly audit   'deep-is': [ '0.1.4' ],
42 silly audit   'define-data-property': [ '1.1.4' ],
42 silly audit   'define-properties': [ '1.2.1' ],
42 silly audit   'detect-libc': [ '2.0.4' ],
42 silly audit   doctrine: [ '2.1.0' ],
42 silly audit   'dunder-proto': [ '1.0.1' ],
42 silly audit   'emoji-regex': [ '9.2.2' ],
42 silly audit   'enhanced-resolve': [ '5.18.1' ],
42 silly audit   'es-abstract': [ '1.23.10' ],
42 silly audit   'es-define-property': [ '1.0.1' ],
42 silly audit   'es-errors': [ '1.3.0' ],
42 silly audit   'es-iterator-helpers': [ '1.2.1' ],
42 silly audit   'es-object-atoms': [ '1.1.1' ],
42 silly audit   'es-set-tostringtag': [ '2.1.0' ],
42 silly audit   'es-shim-unscopables': [ '1.1.0' ],
42 silly audit   'es-to-primitive': [ '1.3.0' ],
42 silly audit   'escape-string-regexp': [ '4.0.0' ],
42 silly audit   eslint: [ '9.27.0' ],
42 silly audit   'eslint-config-next': [ '15.3.2' ],
42 silly audit   'eslint-import-resolver-node': [ '0.3.9' ],
42 silly audit   'eslint-import-resolver-typescript': [ '3.10.1' ],
42 silly audit   'eslint-module-utils': [ '2.12.0' ],
42 silly audit   'eslint-plugin-import': [ '2.31.0' ],
42 silly audit   semver: [ '6.3.1', '7.7.2' ],
42 silly audit   'eslint-plugin-jsx-a11y': [ '6.10.2' ],
42 silly audit   'eslint-plugin-react': [ '7.37.5' ],
42 silly audit   'eslint-plugin-react-hooks': [ '5.2.0' ],
42 silly audit   resolve: [ '2.0.0-next.5', '1.22.10' ],
42 silly audit   'eslint-scope': [ '8.3.0' ],
42 silly audit   espree: [ '10.3.0' ],
42 silly audit   esquery: [ '1.6.0' ],
42 silly audit   esrecurse: [ '4.3.0' ],
42 silly audit   estraverse: [ '5.3.0' ],
42 silly audit   esutils: [ '2.0.3' ],
42 silly audit   'fast-deep-equal': [ '3.1.3' ],
42 silly audit   'fast-json-stable-stringify': [ '2.1.0' ],
42 silly audit   'fast-levenshtein': [ '2.0.6' ],
42 silly audit   fastq: [ '1.19.1' ],
42 silly audit   'file-entry-cache': [ '8.0.0' ],
42 silly audit   'fill-range': [ '7.1.1' ],
42 silly audit   'find-up': [ '5.0.0' ],
42 silly audit   'flat-cache': [ '4.0.1' ],
42 silly audit   flatted: [ '3.3.3' ],
42 silly audit   'for-each': [ '0.3.5' ],
42 silly audit   'function-bind': [ '1.1.2' ],
42 silly audit   'function.prototype.name': [ '1.1.8' ],
42 silly audit   'functions-have-names': [ '1.2.3' ],
42 silly audit   'get-intrinsic': [ '1.3.0' ],
42 silly audit   'get-proto': [ '1.0.1' ],
42 silly audit   'get-symbol-description': [ '1.1.0' ],
42 silly audit   'get-tsconfig': [ '4.10.1' ],
42 silly audit   globals: [ '14.0.0' ],
42 silly audit   globalthis: [ '1.0.4' ],
42 silly audit   gopd: [ '1.2.0' ],
42 silly audit   'graceful-fs': [ '4.2.11' ],
42 silly audit   graphemer: [ '1.4.0' ],
42 silly audit   'has-bigints': [ '1.1.0' ],
42 silly audit   'has-flag': [ '4.0.0' ],
42 silly audit   'has-property-descriptors': [ '1.0.2' ],
42 silly audit   'has-proto': [ '1.2.0' ],
42 silly audit   'has-symbols': [ '1.1.0' ],
42 silly audit   'has-tostringtag': [ '1.0.2' ],
42 silly audit   hasown: [ '2.0.2' ],
42 silly audit   'import-fresh': [ '3.3.1' ],
42 silly audit   imurmurhash: [ '0.1.4' ],
42 silly audit   'internal-slot': [ '1.1.0' ],
42 silly audit   'is-array-buffer': [ '3.0.5' ],
42 silly audit   'is-arrayish': [ '0.3.2' ],
42 silly audit   'is-async-function': [ '2.1.1' ],
42 silly audit   'is-bigint': [ '1.1.0' ],
42 silly audit   'is-boolean-object': [ '1.2.2' ],
42 silly audit   'is-bun-module': [ '2.0.0' ],
42 silly audit   'is-callable': [ '1.2.7' ],
42 silly audit   'is-core-module': [ '2.16.1' ],
42 silly audit   'is-data-view': [ '1.0.2' ],
42 silly audit   'is-date-object': [ '1.1.0' ],
42 silly audit   'is-extglob': [ '2.1.1' ],
42 silly audit   'is-finalizationregistry': [ '1.1.1' ],
42 silly audit   'is-generator-function': [ '1.1.0' ],
42 silly audit   'is-glob': [ '4.0.3' ],
42 silly audit   'is-map': [ '2.0.3' ],
42 silly audit   'is-number': [ '7.0.0' ],
42 silly audit   'is-number-object': [ '1.1.1' ],
42 silly audit   'is-regex': [ '1.2.1' ],
42 silly audit   'is-set': [ '2.0.3' ],
42 silly audit   'is-shared-array-buffer': [ '1.0.4' ],
42 silly audit   'is-string': [ '1.1.1' ],
42 silly audit   'is-symbol': [ '1.1.1' ],
42 silly audit   'is-typed-array': [ '1.1.15' ],
42 silly audit   'is-weakmap': [ '2.0.2' ],
42 silly audit   'is-weakref': [ '1.1.1' ],
42 silly audit   'is-weakset': [ '2.0.4' ],
42 silly audit   isarray: [ '2.0.5' ],
42 silly audit   isexe: [ '2.0.0' ],
42 silly audit   'iterator.prototype': [ '1.1.5' ],
42 silly audit   jiti: [ '2.4.2' ],
42 silly audit   'js-tokens': [ '4.0.0' ],
42 silly audit   'js-yaml': [ '4.1.0' ],
42 silly audit   'json-buffer': [ '3.0.1' ],
42 silly audit   'json-schema-traverse': [ '0.4.1' ],
42 silly audit   'json-stable-stringify-without-jsonify': [ '1.0.1' ],
42 silly audit   json5: [ '1.0.2' ],
42 silly audit   'jsx-ast-utils': [ '3.3.5' ],
42 silly audit   keyv: [ '4.5.4' ],
42 silly audit   'language-subtag-registry': [ '0.3.23' ],
42 silly audit   'language-tags': [ '1.0.9' ],
42 silly audit   levn: [ '0.4.1' ],
42 silly audit   lightningcss: [ '1.30.1' ],
42 silly audit   'lightningcss-darwin-arm64': [ '1.30.1' ],
42 silly audit   'lightningcss-darwin-x64': [ '1.30.1' ],
42 silly audit   'lightningcss-freebsd-x64': [ '1.30.1' ],
42 silly audit   'lightningcss-linux-arm-gnueabihf': [ '1.30.1' ],
42 silly audit   'lightningcss-linux-arm64-gnu': [ '1.30.1' ],
42 silly audit   'lightningcss-linux-arm64-musl': [ '1.30.1' ],
42 silly audit   'lightningcss-linux-x64-gnu': [ '1.30.1' ],
42 silly audit   'lightningcss-linux-x64-musl': [ '1.30.1' ],
42 silly audit   'lightningcss-win32-arm64-msvc': [ '1.30.1' ],
42 silly audit   'lightningcss-win32-x64-msvc': [ '1.30.1' ],
42 silly audit   'locate-path': [ '6.0.0' ],
42 silly audit   'lodash.merge': [ '4.6.2' ],
42 silly audit   'loose-envify': [ '1.4.0' ],
42 silly audit   'lucide-react': [ '0.511.0' ],
42 silly audit   'magic-string': [ '0.30.17' ],
42 silly audit   'math-intrinsics': [ '1.1.0' ],
42 silly audit   merge2: [ '1.4.1' ],
42 silly audit   micromatch: [ '4.0.8' ],
42 silly audit   minimist: [ '1.2.8' ],
42 silly audit   minipass: [ '7.1.2' ],
42 silly audit   minizlib: [ '3.0.2' ],
42 silly audit   mkdirp: [ '3.0.1' ],
42 silly audit   ms: [ '2.1.3' ],
42 silly audit   nanoid: [ '3.3.11' ],
42 silly audit   'napi-postinstall': [ '0.2.4' ],
42 silly audit   'natural-compare': [ '1.4.0' ],
42 silly audit   next: [ '15.3.2' ],
42 silly audit   postcss: [ '8.4.31', '8.5.3' ],
42 silly audit   'object-assign': [ '4.1.1' ],
42 silly audit   'object-inspect': [ '1.13.4' ],
42 silly audit   'object-keys': [ '1.1.1' ],
42 silly audit   'object.assign': [ '4.1.7' ],
42 silly audit   'object.entries': [ '1.1.9' ],
42 silly audit   'object.fromentries': [ '2.0.8' ],
42 silly audit   'object.groupby': [ '1.0.3' ],
42 silly audit   'object.values': [ '1.2.1' ],
42 silly audit   optionator: [ '0.9.4' ],
42 silly audit   'own-keys': [ '1.0.1' ],
42 silly audit   'p-limit': [ '3.1.0' ],
42 silly audit   'p-locate': [ '5.0.0' ],
42 silly audit   'parent-module': [ '1.0.1' ],
42 silly audit   'path-exists': [ '4.0.0' ],
42 silly audit   'path-key': [ '3.1.1' ],
42 silly audit   'path-parse': [ '1.0.7' ],
42 silly audit   picocolors: [ '1.1.1' ],
42 silly audit   picomatch: [ '2.3.1', '4.0.2' ],
42 silly audit   'possible-typed-array-names': [ '1.1.0' ],
42 silly audit   'prelude-ls': [ '1.2.1' ],
42 silly audit   'prop-types': [ '15.8.1' ],
42 silly audit   punycode: [ '2.3.1' ],
42 silly audit   'queue-microtask': [ '1.2.3' ],
42 silly audit   react: [ '19.1.0' ],
42 silly audit   'react-dom': [ '19.1.0' ],
42 silly audit   'react-is': [ '16.13.1' ],
42 silly audit   'reflect.getprototypeof': [ '1.0.10' ],
42 silly audit   'regexp.prototype.flags': [ '1.5.4' ],
42 silly audit   'resolve-from': [ '4.0.0' ],
42 silly audit   'resolve-pkg-maps': [ '1.0.0' ],
42 silly audit   reusify: [ '1.1.0' ],
42 silly audit   'run-parallel': [ '1.2.0' ],
42 silly audit   'safe-array-concat': [ '1.1.3' ],
42 silly audit   'safe-push-apply': [ '1.0.0' ],
42 silly audit   'safe-regex-test': [ '1.1.0' ],
42 silly audit   scheduler: [ '0.26.0' ],
42 silly audit   'set-function-length': [ '1.2.2' ],
42 silly audit   'set-function-name': [ '2.0.2' ],
42 silly audit   'set-proto': [ '1.0.0' ],
42 silly audit   sharp: [ '0.34.2' ],
42 silly audit   'shebang-command': [ '2.0.0' ],
42 silly audit   'shebang-regex': [ '3.0.0' ],
42 silly audit   'side-channel': [ '1.1.0' ],
42 silly audit   'side-channel-list': [ '1.0.0' ],
42 silly audit   'side-channel-map': [ '1.0.1' ],
42 silly audit   'side-channel-weakmap': [ '1.0.2' ],
42 silly audit   'simple-swizzle': [ '0.2.2' ],
42 silly audit   'source-map-js': [ '1.2.1' ],
42 silly audit   'stable-hash': [ '0.0.5' ],
42 silly audit   streamsearch: [ '1.1.0' ],
42 silly audit   'string.prototype.includes': [ '2.0.1' ],
42 silly audit   'string.prototype.matchall': [ '4.0.12' ],
42 silly audit   'string.prototype.repeat': [ '1.0.0' ],
42 silly audit   'string.prototype.trim': [ '1.2.10' ],
42 silly audit   'string.prototype.trimend': [ '1.0.9' ],
42 silly audit   'string.prototype.trimstart': [ '1.0.8' ],
42 silly audit   'strip-bom': [ '3.0.0' ],
42 silly audit   'strip-json-comments': [ '3.1.1' ],
42 silly audit   'styled-jsx': [ '5.1.6' ],
42 silly audit   'supports-color': [ '7.2.0' ],
42 silly audit   'supports-preserve-symlinks-flag': [ '1.0.0' ],
42 silly audit   tailwindcss: [ '4.1.7' ],
42 silly audit   tapable: [ '2.2.2' ],
42 silly audit   tar: [ '7.4.3' ],
42 silly audit   tinyglobby: [ '0.2.13' ],
42 silly audit   fdir: [ '6.4.4' ],
42 silly audit   'to-regex-range': [ '5.0.1' ],
42 silly audit   'ts-api-utils': [ '2.1.0' ],
42 silly audit   'tsconfig-paths': [ '3.15.0' ],
42 silly audit   tslib: [ '2.8.1' ],
42 silly audit   'type-check': [ '0.4.0' ],
42 silly audit   'typed-array-buffer': [ '1.0.3' ],
42 silly audit   'typed-array-byte-length': [ '1.0.3' ],
42 silly audit   'typed-array-byte-offset': [ '1.0.4' ],
42 silly audit   'typed-array-length': [ '1.0.7' ],
42 silly audit   typescript: [ '5.8.3' ],
42 silly audit   'unbox-primitive': [ '1.1.0' ],
42 silly audit   'unrs-resolver': [ '1.7.2' ],
42 silly audit   'uri-js': [ '4.4.1' ],
42 silly audit   which: [ '2.0.2' ],
42 silly audit   'which-boxed-primitive': [ '1.1.1' ],
42 silly audit   'which-builtin-type': [ '1.2.1' ],
42 silly audit   'which-collection': [ '1.0.2' ],
42 silly audit   'which-typed-array': [ '1.1.19' ],
42 silly audit   'word-wrap': [ '1.2.5' ],
42 silly audit   yallist: [ '5.0.0' ],
42 silly audit   'yocto-queue': [ '0.1.0' ],
42 silly audit   'framer-motion': [ '12.12.2' ],
42 silly audit   'motion-dom': [ '12.12.1' ],
42 silly audit   'motion-utils': [ '12.12.1' ]
42 silly audit }
43 http cache motion-utils@https://registry.npmjs.org/motion-utils/-/motion-utils-12.12.1.tgz 0ms (cache hit)
44 http cache motion-dom@https://registry.npmjs.org/motion-dom/-/motion-dom-12.12.1.tgz 0ms (cache hit)
45 http cache framer-motion@https://registry.npmjs.org/framer-motion/-/framer-motion-12.12.2.tgz 1ms (cache hit)
46 silly tarball no local data for motion-utils@https://registry.npmjs.org/motion-utils/-/motion-utils-12.12.1.tgz. Extracting by manifest.
47 silly tarball no local data for motion-dom@https://registry.npmjs.org/motion-dom/-/motion-dom-12.12.1.tgz. Extracting by manifest.
48 silly tarball no local data for framer-motion@https://registry.npmjs.org/framer-motion/-/framer-motion-12.12.2.tgz. Extracting by manifest.
49 http fetch POST 200 https://registry.npmjs.org/-/npm/v1/security/advisories/bulk 511ms
50 silly audit report {}
51 http fetch GET 200 https://registry.npmjs.org/motion-utils/-/motion-utils-12.12.1.tgz 769ms (cache miss)
52 http fetch GET 200 https://registry.npmjs.org/motion-dom/-/motion-dom-12.12.1.tgz 2450ms (cache miss)
53 http fetch GET 200 https://registry.npmjs.org/framer-motion/-/framer-motion-12.12.2.tgz 8637ms (cache miss)
54 silly ADD node_modules/motion-utils
55 silly ADD node_modules/motion-dom
56 silly ADD node_modules/framer-motion
57 verbose cwd C:\Users\Abdulrauf\Desktop\Project\Portfolio\portfolio
58 verbose os Windows_NT 10.0.19045
59 verbose node v22.14.0
60 verbose npm  v11.4.1
61 verbose exit 0
62 info ok
